[0.025s] Invoking command in '/home/xiaom/ROS2_Humble_LS2K0300/Example/ROS2_Humble_ws/src/e08_custom_ws/build/nav2_custom_controller': CMAKE_PREFIX_PATH=${CMAKE_PREFIX_PATH}:/opt/ros/humble /usr/bin/cmake --build /home/xiaom/ROS2_Humble_LS2K0300/Example/ROS2_Humble_ws/src/e08_custom_ws/build/nav2_custom_controller -- -j16 -l16
[0.115s] [35m[1mConsolidate compiler generated dependencies of target nav2_custom_controller_plugin[0m
[0.157s] [ 50%] [32mBuilding CXX object CMakeFiles/nav2_custom_controller_plugin.dir/src/custom_controller.cpp.o[0m
[4.617s] [01m[K/home/xiaom/ROS2_Humble_LS2K0300/Example/ROS2_Humble_ws/src/e08_custom_ws/src/nav2_custom_controller/src/custom_controller.cpp:[m[K In member function â€˜[01m[Kvirtual geometry_msgs::msg::TwistStamped nav2_custom_controller::CustomController::computeVelocityCommands(const PoseStamped&, const Twist&, nav2_core::GoalChecker*)[m[Kâ€™:
[4.617s] [01m[K/home/xiaom/ROS2_Humble_LS2K0300/Example/ROS2_Humble_ws/src/e08_custom_ws/src/nav2_custom_controller/src/custom_controller.cpp:89:14:[m[K [01;31m[Kerror: [m[Kâ€˜[01m[KTransformStamped[m[Kâ€™ is not a member of â€˜[01m[Ktf2_ros[m[Kâ€™; did you mean â€˜[01m[KTransformStampedFuture[m[Kâ€™?
[4.617s]    89 |     tf2_ros::[01;31m[KTransformStamped[m[K transform = tf_->lookupTransform("base_link", target_pose.header.frame_id, tf_time, tf2::durationFromSec(0.1));
[4.617s]       |              [01;31m[K^~~~~~~~~~~~~~~~[m[K
[4.617s]       |              [32m[KTransformStampedFuture[m[K
[4.618s] [01m[K/home/xiaom/ROS2_Humble_LS2K0300/Example/ROS2_Humble_ws/src/e08_custom_ws/src/nav2_custom_controller/src/custom_controller.cpp:90:53:[m[K [01;31m[Kerror: [m[Kâ€˜[01m[Ktransform[m[Kâ€™ was not declared in this scope; did you mean â€˜[01m[Kstd::transform[m[Kâ€™?
[4.618s]    90 |     tf2::doTransform(target_pose, target_pose_base, [01;31m[Ktransform[m[K);
[4.618s]       |                                                     [01;31m[K^~~~~~~~~[m[K
[4.618s]       |                                                     [32m[Kstd::transform[m[K
[4.618s] In file included from [01m[K/usr/include/c++/11/algorithm:74[m[K,
[4.618s]                  from [01m[K/opt/ros/humble/include/nav2_costmap_2d/nav2_costmap_2d/costmap_2d_publisher.hpp:42[m[K,
[4.618s]                  from [01m[K/opt/ros/humble/include/nav2_costmap_2d/nav2_costmap_2d/costmap_2d_ros.hpp:48[m[K,
[4.619s]                  from [01m[K/opt/ros/humble/include/nav2_core/controller.hpp:42[m[K,
[4.619s]                  from [01m[K/home/xiaom/ROS2_Humble_LS2K0300/Example/ROS2_Humble_ws/src/e08_custom_ws/src/nav2_custom_controller/include/nav2_custom_controller/custom_controller.hpp:8[m[K,
[4.619s]                  from [01m[K/home/xiaom/ROS2_Humble_LS2K0300/Example/ROS2_Humble_ws/src/e08_custom_ws/src/nav2_custom_controller/src/custom_controller.cpp:1[m[K:
[4.619s] [01m[K/usr/include/c++/11/pstl/glue_algorithm_defs.h:162:1:[m[K [01;36m[Knote: [m[Kâ€˜[01m[Kstd::transform[m[Kâ€™ declared here
[4.619s]   162 | [01;36m[Ktransform[m[K(_ExecutionPolicy&& __exec, _ForwardIterator1 __first1, _ForwardIterator1 __last1, _ForwardIterator2 __first2,
[4.619s]       | [01;36m[K^~~~~~~~~[m[K
[6.467s] gmake[2]: *** [CMakeFiles/nav2_custom_controller_plugin.dir/build.make:76ï¼šCMakeFiles/nav2_custom_controller_plugin.dir/src/custom_controller.cpp.o] é”™è¯¯ 1
[6.467s] gmake[1]: *** [CMakeFiles/Makefile2:137ï¼šCMakeFiles/nav2_custom_controller_plugin.dir/all] é”™è¯¯ 2
[6.467s] gmake: *** [Makefile:146ï¼šall] é”™è¯¯ 2
[6.470s] Invoked command in '/home/xiaom/ROS2_Humble_LS2K0300/Example/ROS2_Humble_ws/src/e08_custom_ws/build/nav2_custom_controller' returned '2': CMAKE_PREFIX_PATH=${CMAKE_PREFIX_PATH}:/opt/ros/humble /usr/bin/cmake --build /home/xiaom/ROS2_Humble_LS2K0300/Example/ROS2_Humble_ws/src/e08_custom_ws/build/nav2_custom_controller -- -j16 -l16
