[35m[1mConsolidate compiler generated dependencies of target nav2_custom_controller_plugin[0m
[ 50%] [32mBuilding CXX object CMakeFiles/nav2_custom_controller_plugin.dir/src/custom_controller.cpp.o[0m
[01m[K/home/xiaom/ROS2_Humble_LS2K0300/Example/ROS2_Humble_ws/src/e08_custom_ws/src/nav2_custom_controller/src/custom_controller.cpp:[m[K In member function â€˜[01m[Kvirtual void nav2_custom_controller::CustomController::configure(const WeakPtr&, std::string, std::shared_ptr<tf2_ros::Buffer>, std::shared_ptr<nav2_costmap_2d::Costmap2DROS>)[m[Kâ€™:
[01m[K/home/xiaom/ROS2_Humble_LS2K0300/Example/ROS2_Humble_ws/src/e08_custom_ws/src/nav2_custom_controller/src/custom_controller.cpp:31:62:[m[K [01;31m[Kerror: [m[Kâ€˜[01m[Klookahead_distance_[m[Kâ€™ was not declared in this scope
   31 |   node_->get_parameter(plugin_name_ + ".lookahead_distance", [01;31m[Klookahead_distance_[m[K);
      |                                                              [01;31m[K^~~~~~~~~~~~~~~~~~~[m[K
[01m[K/home/xiaom/ROS2_Humble_LS2K0300/Example/ROS2_Humble_ws/src/e08_custom_ws/src/nav2_custom_controller/src/custom_controller.cpp:32:46:[m[K [01;31m[Kerror: [m[Kâ€˜[01m[KKp_[m[Kâ€™ was not declared in this scope
   32 |   node_->get_parameter(plugin_name_ + ".Kp", [01;31m[KKp_[m[K);
      |                                              [01;31m[K^~~[m[K
[01m[K/home/xiaom/ROS2_Humble_LS2K0300/Example/ROS2_Humble_ws/src/e08_custom_ws/src/nav2_custom_controller/src/custom_controller.cpp:33:46:[m[K [01;31m[Kerror: [m[Kâ€˜[01m[KKd_[m[Kâ€™ was not declared in this scope
   33 |   node_->get_parameter(plugin_name_ + ".Kd", [01;31m[KKd_[m[K);
      |                                              [01;31m[K^~~[m[K
[01m[K/home/xiaom/ROS2_Humble_LS2K0300/Example/ROS2_Humble_ws/src/e08_custom_ws/src/nav2_custom_controller/src/custom_controller.cpp:35:3:[m[K [01;31m[Kerror: [m[Kâ€˜[01m[Klast_time_[m[Kâ€™ was not declared in this scope
   35 |   [01;31m[Klast_time_[m[K = node_->get_clock()->now();
      |   [01;31m[K^~~~~~~~~~[m[K
[01m[K/home/xiaom/ROS2_Humble_LS2K0300/Example/ROS2_Humble_ws/src/e08_custom_ws/src/nav2_custom_controller/src/custom_controller.cpp:[m[K At global scope:
[01m[K/home/xiaom/ROS2_Humble_LS2K0300/Example/ROS2_Humble_ws/src/e08_custom_ws/src/nav2_custom_controller/src/custom_controller.cpp:56:33:[m[K [01;31m[Kerror: [m[Kno declaration matches â€˜[01m[Kgeometry_msgs::msg::PoseStamped nav2_custom_controller::CustomController::getLookaheadPose(const PoseStamped&)[m[Kâ€™
   56 | geometry_msgs::msg::PoseStamped [01;31m[KCustomController[m[K::getLookaheadPose(
      |                                 [01;31m[K^~~~~~~~~~~~~~~~[m[K
[01m[K/home/xiaom/ROS2_Humble_LS2K0300/Example/ROS2_Humble_ws/src/e08_custom_ws/src/nav2_custom_controller/src/custom_controller.cpp:56:33:[m[K [01;36m[Knote: [m[Kno functions named â€˜[01m[Kgeometry_msgs::msg::PoseStamped nav2_custom_controller::CustomController::getLookaheadPose(const PoseStamped&)[m[Kâ€™
In file included from [01m[K/home/xiaom/ROS2_Humble_LS2K0300/Example/ROS2_Humble_ws/src/e08_custom_ws/src/nav2_custom_controller/src/custom_controller.cpp:1[m[K:
[01m[K/home/xiaom/ROS2_Humble_LS2K0300/Example/ROS2_Humble_ws/src/e08_custom_ws/src/nav2_custom_controller/include/nav2_custom_controller/custom_controller.hpp:15:7:[m[K [01;36m[Knote: [m[Kâ€˜[01m[Kclass nav2_custom_controller::CustomController[m[Kâ€™ defined here
   15 | class [01;36m[KCustomController[m[K : public nav2_core::Controller {
      |       [01;36m[K^~~~~~~~~~~~~~~~[m[K
[01m[K/home/xiaom/ROS2_Humble_LS2K0300/Example/ROS2_Humble_ws/src/e08_custom_ws/src/nav2_custom_controller/src/custom_controller.cpp:[m[K In member function â€˜[01m[Kvirtual geometry_msgs::msg::TwistStamped nav2_custom_controller::CustomController::computeVelocityCommands(const PoseStamped&, const Twist&, nav2_core::GoalChecker*)[m[Kâ€™:
[01m[K/home/xiaom/ROS2_Humble_LS2K0300/Example/ROS2_Humble_ws/src/e08_custom_ws/src/nav2_custom_controller/src/custom_controller.cpp:83:22:[m[K [01;31m[Kerror: [m[Kâ€˜[01m[KgetLookaheadPose[m[Kâ€™ was not declared in this scope
   83 |   auto target_pose = [01;31m[KgetLookaheadPose[m[K(pose_in_globalframe);
      |                      [01;31m[K^~~~~~~~~~~~~~~~[m[K
[01m[K/home/xiaom/ROS2_Humble_LS2K0300/Example/ROS2_Humble_ws/src/e08_custom_ws/src/nav2_custom_controller/src/custom_controller.cpp:89:14:[m[K [01;31m[Kerror: [m[Kâ€˜[01m[KTransformStamped[m[Kâ€™ is not a member of â€˜[01m[Ktf2_ros[m[Kâ€™; did you mean â€˜[01m[KTransformStampedFuture[m[Kâ€™?
   89 |     tf2_ros::[01;31m[KTransformStamped[m[K transform = tf_->lookupTransform("base_link", target_pose.header.frame_id, tf_time, tf2::durationFromSec(0.1));
      |              [01;31m[K^~~~~~~~~~~~~~~~[m[K
      |              [32m[KTransformStampedFuture[m[K
[01m[K/home/xiaom/ROS2_Humble_LS2K0300/Example/ROS2_Humble_ws/src/e08_custom_ws/src/nav2_custom_controller/src/custom_controller.cpp:90:53:[m[K [01;31m[Kerror: [m[Kâ€˜[01m[Ktransform[m[Kâ€™ was not declared in this scope; did you mean â€˜[01m[Kstd::transform[m[Kâ€™?
   90 |     tf2::doTransform(target_pose, target_pose_base, [01;31m[Ktransform[m[K);
      |                                                     [01;31m[K^~~~~~~~~[m[K
      |                                                     [32m[Kstd::transform[m[K
In file included from [01m[K/usr/include/c++/11/algorithm:74[m[K,
                 from [01m[K/opt/ros/humble/include/nav2_costmap_2d/nav2_costmap_2d/costmap_2d_publisher.hpp:42[m[K,
                 from [01m[K/opt/ros/humble/include/nav2_costmap_2d/nav2_costmap_2d/costmap_2d_ros.hpp:48[m[K,
                 from [01m[K/opt/ros/humble/include/nav2_core/controller.hpp:42[m[K,
                 from [01m[K/home/xiaom/ROS2_Humble_LS2K0300/Example/ROS2_Humble_ws/src/e08_custom_ws/src/nav2_custom_controller/include/nav2_custom_controller/custom_controller.hpp:8[m[K,
                 from [01m[K/home/xiaom/ROS2_Humble_LS2K0300/Example/ROS2_Humble_ws/src/e08_custom_ws/src/nav2_custom_controller/src/custom_controller.cpp:1[m[K:
[01m[K/usr/include/c++/11/pstl/glue_algorithm_defs.h:162:1:[m[K [01;36m[Knote: [m[Kâ€˜[01m[Kstd::transform[m[Kâ€™ declared here
  162 | [01;36m[Ktransform[m[K(_ExecutionPolicy&& __exec, _ForwardIterator1 __first1, _ForwardIterator1 __last1, _ForwardIterator2 __first2,
      | [01;36m[K^~~~~~~~~[m[K
[01m[K/home/xiaom/ROS2_Humble_LS2K0300/Example/ROS2_Humble_ws/src/e08_custom_ws/src/nav2_custom_controller/src/custom_controller.cpp:88:20:[m[K [01;35m[Kwarning: [m[Kunused variable â€˜[01m[Ktf_time[m[Kâ€™ [[01;35m[K]8;;https://gcc.gnu.org/onlinedocs/gcc/Warning-Options.html#index-Wunused-variable-Wunused-variable]8;;[m[K]
   88 |     tf2::TimePoint [01;35m[Ktf_time[m[K = tf2::TimePoint(std::chrono::nanoseconds(target_pose.header.stamp.nanosec));
      |                    [01;35m[K^~~~~~~[m[K
[01m[K/home/xiaom/ROS2_Humble_LS2K0300/Example/ROS2_Humble_ws/src/e08_custom_ws/src/nav2_custom_controller/src/custom_controller.cpp:100:22:[m[K [01;31m[Kerror: [m[Kâ€˜[01m[Klast_time_[m[Kâ€™ was not declared in this scope
  100 |   double dt = (now - [01;31m[Klast_time_[m[K).seconds();
      |                      [01;31m[K^~~~~~~~~~[m[K
[01m[K/home/xiaom/ROS2_Humble_LS2K0300/Example/ROS2_Humble_ws/src/e08_custom_ws/src/nav2_custom_controller/src/custom_controller.cpp:101:51:[m[K [01;31m[Kerror: [m[Kâ€˜[01m[Klast_lateral_error_[m[Kâ€™ was not declared in this scope; did you mean â€˜[01m[Klateral_error[m[Kâ€™?
  101 |   double derivative = dt > 0.0 ? (lateral_error - [01;31m[Klast_lateral_error_[m[K) / dt : 0.0;
      |                                                   [01;31m[K^~~~~~~~~~~~~~~~~~~[m[K
      |                                                   [32m[Klateral_error[m[K
[01m[K/home/xiaom/ROS2_Humble_LS2K0300/Example/ROS2_Humble_ws/src/e08_custom_ws/src/nav2_custom_controller/src/custom_controller.cpp:106:22:[m[K [01;31m[Kerror: [m[Kâ€˜[01m[KKp_[m[Kâ€™ was not declared in this scope
  106 |   double angular_z = [01;31m[KKp_[m[K * lateral_error + Kd_ * derivative;
      |                      [01;31m[K^~~[m[K
[01m[K/home/xiaom/ROS2_Humble_LS2K0300/Example/ROS2_Humble_ws/src/e08_custom_ws/src/nav2_custom_controller/src/custom_controller.cpp:106:44:[m[K [01;31m[Kerror: [m[Kâ€˜[01m[KKd_[m[Kâ€™ was not declared in this scope
  106 |   double angular_z = Kp_ * lateral_error + [01;31m[KKd_[m[K * derivative;
      |                                            [01;31m[K^~~[m[K
gmake[2]: *** [CMakeFiles/nav2_custom_controller_plugin.dir/build.make:76ï¼šCMakeFiles/nav2_custom_controller_plugin.dir/src/custom_controller.cpp.o] é”™è¯¯ 1
gmake[1]: *** [CMakeFiles/Makefile2:137ï¼šCMakeFiles/nav2_custom_controller_plugin.dir/all] é”™è¯¯ 2
gmake: *** [Makefile:146ï¼šall] é”™è¯¯ 2
